0 info it worked if it ends with ok
1 verbose cli [ '/usr/local/bin/node',
1 verbose cli   '/usr/local/bin/npm',
1 verbose cli   'run',
1 verbose cli   'build:mocks' ]
2 info using npm@3.9.5
3 info using node@v6.2.2
4 verbose run-script [ 'prebuild:mocks', 'build:mocks', 'postbuild:mocks' ]
5 info lifecycle warsawjs-workshop-3-online-shop@0.0.0~prebuild:mocks: warsawjs-workshop-3-online-shop@0.0.0
6 silly lifecycle warsawjs-workshop-3-online-shop@0.0.0~prebuild:mocks: no script for prebuild:mocks, continuing
7 info lifecycle warsawjs-workshop-3-online-shop@0.0.0~build:mocks: warsawjs-workshop-3-online-shop@0.0.0
8 verbose lifecycle warsawjs-workshop-3-online-shop@0.0.0~build:mocks: unsafe-perm in lifecycle true
9 verbose lifecycle warsawjs-workshop-3-online-shop@0.0.0~build:mocks: PATH: /usr/local/lib/node_modules/npm/bin/node-gyp-bin:/home/ania/WebstormProjects/warsawjs-workshop-3-online-shop/node_modules/.bin:/usr/local/bin:/usr/local/sbin:/usr/local/bin:/usr/sbin:/usr/bin:/sbin:/bin:/usr/games:/usr/local/games:/home/ania/.rvm/bin:/home/ania/.rvm/bin
10 verbose lifecycle warsawjs-workshop-3-online-shop@0.0.0~build:mocks: CWD: /home/ania/WebstormProjects/warsawjs-workshop-3-online-shop
11 silly lifecycle warsawjs-workshop-3-online-shop@0.0.0~build:mocks: Args: [ '-c', 'node data/products-build.js' ]
12 silly lifecycle warsawjs-workshop-3-online-shop@0.0.0~build:mocks: Returned: code: 1  signal: null
13 info lifecycle warsawjs-workshop-3-online-shop@0.0.0~build:mocks: Failed to exec build:mocks script
14 verbose stack Error: warsawjs-workshop-3-online-shop@0.0.0 build:mocks: `node data/products-build.js`
14 verbose stack Exit status 1
14 verbose stack     at EventEmitter.<anonymous> (/usr/local/lib/node_modules/npm/lib/utils/lifecycle.js:245:16)
14 verbose stack     at emitTwo (events.js:106:13)
14 verbose stack     at EventEmitter.emit (events.js:191:7)
14 verbose stack     at ChildProcess.<anonymous> (/usr/local/lib/node_modules/npm/lib/utils/spawn.js:24:14)
14 verbose stack     at emitTwo (events.js:106:13)
14 verbose stack     at ChildProcess.emit (events.js:191:7)
14 verbose stack     at maybeClose (internal/child_process.js:852:16)
14 verbose stack     at Process.ChildProcess._handle.onexit (internal/child_process.js:215:5)
15 verbose pkgid warsawjs-workshop-3-online-shop@0.0.0
16 verbose cwd /home/ania/WebstormProjects/warsawjs-workshop-3-online-shop
17 error Linux 3.13.0-37-generic
18 error argv "/usr/local/bin/node" "/usr/local/bin/npm" "run" "build:mocks"
19 error node v6.2.2
20 error npm  v3.9.5
21 error code ELIFECYCLE
22 error warsawjs-workshop-3-online-shop@0.0.0 build:mocks: `node data/products-build.js`
22 error Exit status 1
23 error Failed at the warsawjs-workshop-3-online-shop@0.0.0 build:mocks script 'node data/products-build.js'.
23 error Make sure you have the latest version of node.js and npm installed.
23 error If you do, this is most likely a problem with the warsawjs-workshop-3-online-shop package,
23 error not with npm itself.
23 error Tell the author that this fails on your system:
23 error     node data/products-build.js
23 error You can get information on how to open an issue for this project with:
23 error     npm bugs warsawjs-workshop-3-online-shop
23 error Or if that isn't available, you can get their info via:
23 error     npm owner ls warsawjs-workshop-3-online-shop
23 error There is likely additional logging output above.
24 verbose exit [ 1, true ]
